epoch,categorical_accuracy,loss,lr,val_categorical_accuracy,val_loss
0,0.041188959032297134,3.136528730392456,0.001,0.06114649772644043,3.123422145843506
1,0.047558385878801346,3.0588974952697754,0.001,0.09978768229484558,2.909137487411499
2,0.08365180343389511,2.9148833751678467,0.001,0.11337579786777496,2.7879462242126465
3,0.0993630588054657,2.7660000324249268,0.001,0.14861996471881866,2.605473041534424
4,0.12696391344070435,2.629927396774292,0.001,0.18683651089668274,2.4039359092712402
5,0.176645427942276,2.396449565887451,0.001,0.24246284365653992,2.167069673538208
6,0.2186836451292038,2.2376983165740967,0.001,0.2666666805744171,1.9791589975357056
7,0.2564755976200104,2.0647830963134766,0.001,0.3265392780303955,1.8355709314346313
8,0.2934182584285736,1.9509568214416504,0.001,0.3579617738723755,1.8117156028747559
9,0.31422504782676697,1.8947259187698364,0.001,0.38683652877807617,1.6546047925949097
10,0.3460721969604492,1.8429021835327148,0.001,0.4131634831428528,1.6224418878555298
11,0.3821656107902527,1.6643458604812622,0.001,0.5095541477203369,1.3727617263793945
12,0.43184712529182434,1.527063250541687,0.001,0.5490446090698242,1.2584280967712402
13,0.4675159156322479,1.444725751876831,0.001,0.5991507172584534,1.140406847000122
14,0.48917198181152344,1.373509168624878,0.001,0.6212314367294312,1.0791693925857544
15,0.5108280181884766,1.3208385705947876,0.001,0.5159235596656799,1.2333484888076782
16,0.5392781496047974,1.2623670101165771,0.001,0.6552016735076904,0.992347240447998
17,0.5541401505470276,1.2291592359542847,0.001,0.6450105905532837,0.9540186524391174
18,0.5851380228996277,1.102027177810669,0.001,0.6832271814346313,0.8751757144927979
19,0.619108259677887,1.0166667699813843,0.001,0.6768577694892883,0.8906120657920837
20,0.599575400352478,1.062180757522583,0.001,0.6946921348571777,0.8877623081207275
21,0.5855626463890076,1.0911411046981812,0.001,0.6666666865348816,0.8787082433700562
22,0.6386411786079407,0.9588116407394409,0.001,0.7320594191551208,0.7882647514343262
23,0.6169851422309875,1.0188229084014893,0.001,0.6985138058662415,0.7983130216598511
24,0.6683651804924011,0.9039841294288635,0.001,0.7469214200973511,0.7139303684234619
25,0.6734607219696045,0.9019908308982849,0.001,0.7664543390274048,0.6550641059875488
26,0.6692144274711609,0.9036837816238403,0.001,0.7545647621154785,0.6768422722816467
27,0.675159215927124,0.8620340824127197,0.001,0.6955413818359375,0.8257705569267273
28,0.6683651804924011,0.8837037682533264,0.001,0.7087048888206482,0.7456461787223816
29,0.7074310183525085,0.7893955707550049,0.001,0.7681528925895691,0.6153491139411926
30,0.7218683362007141,0.7478538751602173,0.001,0.7923566699028015,0.5881773829460144
31,0.7418258786201477,0.7017204165458679,0.001,0.7447983026504517,0.6754150986671448
32,0.6985138058662415,0.8034332990646362,0.001,0.734182596206665,0.660629153251648
33,0.7074310183525085,0.7746143341064453,0.001,0.7634819746017456,0.6235515475273132
34,0.7388535141944885,0.7209380269050598,0.001,0.7753715515136719,0.6037407517433167
35,0.7371549606323242,0.7096781134605408,0.001,0.7651804685592651,0.5927814245223999
36,0.7537155151367188,0.6676488518714905,0.001,0.7808917164802551,0.5861743092536926
37,0.7367303371429443,0.7074841260910034,0.001,0.7715498805046082,0.5806671977043152
38,0.7596603035926819,0.6679739952087402,0.001,0.8042463064193726,0.5225070118904114
39,0.7753715515136719,0.6093645095825195,0.001,0.8029723763465881,0.515649676322937
40,0.7575371265411377,0.6319241523742676,0.001,0.8352441787719727,0.45668095350265503
41,0.7753715515136719,0.5999456644058228,0.001,0.8450106382369995,0.4302849769592285
42,0.8012738823890686,0.5426764488220215,0.001,0.8411889672279358,0.43021726608276367
43,0.7881103754043579,0.5620830655097961,0.001,0.8509554266929626,0.4130527973175049
44,0.7893843054771423,0.5706315636634827,0.001,0.784288763999939,0.5737025737762451
45,0.7171974778175354,0.7713095545768738,0.001,0.5919320583343506,1.1210095882415771
46,0.6004246473312378,1.1268610954284668,0.001,0.7078556418418884,0.8598818182945251
47,0.6959660053253174,0.8130012154579163,0.001,0.7889596819877625,0.5958648324012756
48,0.7554140090942383,0.6821869611740112,0.001,0.8148620128631592,0.5019099712371826
49,0.7711252570152283,0.5935946702957153,0.001,0.8556263446807861,0.4046858549118042
50,0.7987261414527893,0.5500503778457642,0.001,0.8539277911186218,0.39468714594841003
51,0.8038216829299927,0.5333015322685242,0.001,0.8683651685714722,0.3721318542957306
52,0.8203821778297424,0.4858669638633728,0.001,0.8645434975624084,0.37231016159057617
53,0.824628472328186,0.48676586151123047,0.001,0.8785562515258789,0.345493882894516
54,0.808917224407196,0.5208401679992676,0.001,0.8382165431976318,0.42952290177345276
55,0.8259023427963257,0.505998432636261,0.001,0.856050968170166,0.39577242732048035
56,0.8314225077629089,0.4703797399997711,0.001,0.8696390390396118,0.35320818424224854
57,0.8399150967597961,0.4314400255680084,0.001,0.8666666746139526,0.35399433970451355
58,0.8271762132644653,0.4770444631576538,0.001,0.8806794285774231,0.34182605147361755
59,0.8322717547416687,0.4494056701660156,0.001,0.884501039981842,0.3218531012535095
60,0.8416135907173157,0.4301431477069855,0.001,0.8730360865592957,0.3457484841346741
61,0.8458598852157593,0.4316251873970032,0.001,0.8704883456230164,0.35027843713760376
62,0.8437367081642151,0.42823678255081177,0.001,0.8802548050880432,0.3152744770050049
63,0.8144373893737793,0.4995701313018799,0.001,0.8861995935440063,0.30972394347190857
64,0.840339720249176,0.41329455375671387,0.001,0.8751592636108398,0.3190341293811798
65,0.8471337556838989,0.4010424315929413,0.001,0.8760085105895996,0.32112571597099304
66,0.8382165431976318,0.42271825671195984,0.001,0.8148620128631592,0.4932743012905121
67,0.8161358833312988,0.5102159380912781,0.001,0.8828025460243225,0.3123888373374939
68,0.8225052952766418,0.4901537597179413,0.001,0.8849256634712219,0.3213583827018738
69,0.8369426727294922,0.4199484586715698,0.001,0.9057325124740601,0.2702033221721649
70,0.8675159215927124,0.36463332176208496,0.001,0.8976645469665527,0.2801271677017212
71,0.8636942505836487,0.37207382917404175,0.001,0.9087048768997192,0.26030439138412476
72,0.8696390390396118,0.3442347049713135,0.001,0.8853503465652466,0.29558300971984863
73,0.8649681806564331,0.3723915219306946,0.001,0.903184711933136,0.2828049957752228
74,0.871762216091156,0.33306339383125305,0.001,0.8912951350212097,0.2994249165058136
75,0.8658174276351929,0.3542695641517639,0.001,0.896815299987793,0.28060150146484375
76,0.8339702486991882,0.4821723401546478,0.001,0.7481953501701355,0.6586640477180481
77,0.7265392541885376,0.7444102764129639,0.001,0.8199575543403625,0.4900009036064148
78,0.8114649653434753,0.5230972170829773,0.001,0.8628450036048889,0.3787381649017334
79,0.8505308032035828,0.4235636293888092,0.001,0.8980891704559326,0.282073438167572
80,0.881104052066803,0.3406029939651489,0.001,0.8951167464256287,0.2670166492462158
81,0.8798301219940186,0.33282536268234253,0.001,0.8963906764984131,0.25689736008644104
82,0.8747345805168152,0.3282915949821472,0.001,0.9014862179756165,0.2614345848560333
83,0.8755838871002197,0.33240509033203125,0.001,0.9006369709968567,0.2652823030948639
84,0.8743099570274353,0.31727513670921326,0.001,0.9176220893859863,0.2167062759399414
85,0.8912951350212097,0.3042067885398865,0.001,0.8857749700546265,0.3028315007686615
86,0.8662420511245728,0.3545534908771515,0.001,0.8828025460243225,0.2846691608428955
87,0.8794054985046387,0.3239838480949402,0.001,0.9154989123344421,0.2239883691072464
88,0.9027600884437561,0.2665541470050812,0.001,0.9091295003890991,0.22766219079494476
89,0.8925690054893494,0.27928626537323,0.001,0.9244161248207092,0.19698156416416168
90,0.8925690054893494,0.2852942943572998,0.001,0.9256899952888489,0.1938057392835617
91,0.8972399234771729,0.26818251609802246,0.001,0.9099787473678589,0.23979681730270386
92,0.9014862179756165,0.2553824782371521,0.001,0.9163482189178467,0.21773234009742737
93,0.8878980875015259,0.29125311970710754,0.001,0.9231422543525696,0.21510297060012817
94,0.8832271695137024,0.2974110543727875,0.001,0.9163482189178467,0.2319294959306717
95,0.9040339589118958,0.2577145993709564,0.001,0.9269639253616333,0.1948118507862091
96,0.9014862179756165,0.2565878927707672,0.001,0.9290870428085327,0.17571035027503967
97,0.9044585824012756,0.2536547780036926,0.001,0.8985137939453125,0.2731812000274658
98,0.8895965814590454,0.30702143907546997,0.001,0.8696390390396118,0.3513704538345337
99,0.8832271695137024,0.32176607847213745,0.001,0.8815286755561829,0.2985401451587677
