epoch,categorical_accuracy,loss,lr,val_categorical_accuracy,val_loss
0,0.04458598792552948,3.15219783782959,0.001,0.04798301309347153,3.1146488189697266
1,0.06242038309574127,3.1060194969177246,0.001,0.08025477826595306,3.0747623443603516
2,0.08365180343389511,3.05096697807312,0.001,0.12441613525152206,2.9775054454803467
3,0.1193205937743187,2.936331033706665,0.001,0.12696391344070435,2.806215524673462
4,0.13078556954860687,2.784609317779541,0.001,0.18259023129940033,2.6033079624176025
5,0.16815286874771118,2.601966619491577,0.001,0.2781316339969635,2.4048855304718018
6,0.1898089200258255,2.4770169258117676,0.001,0.3176220953464508,2.2386415004730225
7,0.22802548110485077,2.3192787170410156,0.001,0.3358811140060425,2.105956792831421
8,0.2539278268814087,2.228740930557251,0.001,0.40721869468688965,1.9599671363830566
9,0.27218684554100037,2.1510887145996094,0.001,0.41401273012161255,1.8955507278442383
10,0.29723992943763733,2.072359085083008,0.001,0.434394896030426,1.81312096118927
11,0.3269639015197754,1.975165843963623,0.001,0.4505307972431183,1.7418347597122192
12,0.3354564607143402,1.922170877456665,0.001,0.4730360805988312,1.6542682647705078
13,0.3690021336078644,1.81200110912323,0.001,0.5044586062431335,1.578352451324463
14,0.38980892300605774,1.752120852470398,0.001,0.524840772151947,1.5038447380065918
15,0.3885350227355957,1.7301034927368164,0.001,0.5443736910820007,1.4772557020187378
16,0.4309978783130646,1.6514427661895752,0.001,0.5235669016838074,1.4352504014968872
17,0.43397027254104614,1.6253228187561035,0.001,0.5515923500061035,1.3859821557998657
18,0.4484076499938965,1.5616756677627563,0.001,0.5915074348449707,1.3151917457580566
19,0.4662420451641083,1.5129197835922241,0.001,0.6169851422309875,1.2722342014312744
20,0.47388535737991333,1.477112054824829,0.001,0.6016985177993774,1.257204532623291
21,0.4895966053009033,1.4404308795928955,0.001,0.6169851422309875,1.2202218770980835
22,0.5129511952400208,1.3890392780303955,0.001,0.6458598971366882,1.1562410593032837
23,0.5278131365776062,1.3376458883285522,0.001,0.6628450155258179,1.1078250408172607
24,0.5227175951004028,1.3163615465164185,0.001,0.6777070164680481,1.0725525617599487
25,0.5524415969848633,1.265407919883728,0.001,0.6649681329727173,1.0542420148849487
26,0.5639066100120544,1.2595995664596558,0.001,0.6891719698905945,1.0187844038009644
27,0.571974515914917,1.2062413692474365,0.001,0.687473475933075,0.9898585677146912
28,0.5830148458480835,1.1667110919952393,0.001,0.690870463848114,0.9810050129890442
29,0.5851380228996277,1.150167465209961,0.001,0.6951167583465576,0.9517967104911804
30,0.6050955653190613,1.1280685663223267,0.001,0.6972399353981018,0.919130265712738
31,0.6140127182006836,1.0925536155700684,0.001,0.7150743007659912,0.8781910538673401
32,0.6233545541763306,1.08692467212677,0.001,0.709554135799408,0.8757143020629883
33,0.6220806837081909,1.0728135108947754,0.001,0.7214437127113342,0.8449358940124512
34,0.634819507598877,1.0211260318756104,0.001,0.7375796437263489,0.8289415240287781
35,0.6420382261276245,1.0178552865982056,0.001,0.7290870547294617,0.8128107190132141
36,0.6458598971366882,0.9943737983703613,0.001,0.7218683362007141,0.8163030743598938
37,0.6552016735076904,0.9735568165779114,0.001,0.7337579727172852,0.7932707071304321
38,0.6590233445167542,0.9744384288787842,0.001,0.7447983026504517,0.7728061676025391
39,0.6734607219696045,0.9546869993209839,0.001,0.7422505021095276,0.7662926912307739
40,0.6755838394165039,0.9259623885154724,0.001,0.747346043586731,0.7553701996803284
41,0.6760084629058838,0.9322757124900818,0.001,0.7605095505714417,0.7316349148750305
42,0.6836518049240112,0.8962856531143188,0.001,0.7511677145957947,0.7272985577583313
43,0.6959660053253174,0.868503749370575,0.001,0.7596603035926819,0.700264036655426
44,0.6985138058662415,0.8543997406959534,0.001,0.7503184676170349,0.7230511903762817
45,0.6972399353981018,0.8535932302474976,0.001,0.7817409634590149,0.66828453540802
46,0.6985138058662415,0.8306851983070374,0.001,0.7609341740608215,0.6812034249305725
47,0.6934182643890381,0.8596823215484619,0.001,0.7762207984924316,0.6487930417060852
48,0.7104033827781677,0.8035718202590942,0.001,0.7817409634590149,0.6383800506591797
49,0.6985138058662415,0.8003182411193848,0.001,0.7740976810455322,0.6508466005325317
50,0.7244161367416382,0.780881941318512,0.001,0.7855626344680786,0.6218502521514893
51,0.7150743007659912,0.7996705174446106,0.001,0.7919320464134216,0.6218798756599426
52,0.7235668897628784,0.7889552712440491,0.001,0.774946928024292,0.6418218612670898
53,0.7180467247962952,0.7826281785964966,0.001,0.7881103754043579,0.608522355556488
54,0.7354564666748047,0.7794196009635925,0.001,0.7855626344680786,0.6232872605323792
55,0.715923547744751,0.7836746573448181,0.001,0.7885350584983826,0.602603018283844
56,0.7358810901641846,0.7513651847839355,0.001,0.7983014583587646,0.5808011293411255
57,0.7397027611732483,0.7337859869003296,0.001,0.7953290939331055,0.5853247046470642
58,0.7346072196960449,0.753574550151825,0.001,0.8029723763465881,0.559580385684967
59,0.7447983026504517,0.732740044593811,0.001,0.8106157183647156,0.560820460319519
60,0.7354564666748047,0.729955792427063,0.001,0.7902335524559021,0.5748056769371033
61,0.7380042672157288,0.7412174344062805,0.001,0.8059448003768921,0.5638134479522705
62,0.7363057136535645,0.7314490675926208,0.001,0.7919320464134216,0.5682279467582703
63,0.7430998086929321,0.7027586102485657,0.001,0.8140127658843994,0.5303680896759033
64,0.7460721731185913,0.6781551241874695,0.001,0.8148620128631592,0.5408036708831787
65,0.768577516078949,0.6679211258888245,0.001,0.8093418478965759,0.5353552103042603
66,0.768577516078949,0.6749185919761658,0.001,0.8250530958175659,0.5190219879150391
67,0.7723991274833679,0.6423087120056152,0.001,0.8208068013191223,0.5107670426368713
68,0.7634819746017456,0.6703013777732849,0.001,0.8250530958175659,0.5091214776039124
69,0.7549893856048584,0.679573118686676,0.001,0.8305732607841492,0.49832144379615784
70,0.7677282094955444,0.6734895706176758,0.001,0.830997884273529,0.49677371978759766
71,0.7605095505714417,0.6588761210441589,0.001,0.8161358833312988,0.5246292352676392
72,0.7600849270820618,0.643660306930542,0.001,0.8271762132644653,0.494983047246933
73,0.7715498805046082,0.6509921550750732,0.001,0.8216560482978821,0.49529311060905457
74,0.7766454219818115,0.6341416835784912,0.001,0.8288747072219849,0.48354342579841614
75,0.7851380109786987,0.6218867897987366,0.001,0.8475583791732788,0.4555600881576538
76,0.7791932225227356,0.625976026058197,0.001,0.8203821778297424,0.5055226683616638
77,0.7766454219818115,0.6235546469688416,0.001,0.8450106382369995,0.4578053057193756
78,0.7889596819877625,0.5840815305709839,0.001,0.8152866363525391,0.5255008339881897
79,0.7630573511123657,0.6503392457962036,0.001,0.8437367081642151,0.4578782916069031
80,0.7859872579574585,0.620654284954071,0.001,0.8454352617263794,0.45250141620635986
81,0.7838641405105591,0.6089118719100952,0.001,0.8437367081642151,0.4587390422821045
82,0.7804670929908752,0.6149048209190369,0.001,0.8356688022613525,0.4772089421749115
83,0.7881103754043579,0.6026387214660645,0.001,0.8530785441398621,0.43635880947113037
84,0.7825902104377747,0.6123493909835815,0.001,0.8416135907173157,0.4580264687538147
85,0.7932059168815613,0.6110460162162781,0.001,0.8564755916595459,0.43551546335220337
86,0.7927812933921814,0.6014268398284912,0.001,0.849681556224823,0.43375658988952637
87,0.7825902104377747,0.5849435329437256,0.001,0.8454352617263794,0.4418664872646332
88,0.7872611284255981,0.5988547205924988,0.001,0.8666666746139526,0.41254085302352905
89,0.7919320464134216,0.5724374055862427,0.001,0.8594479560852051,0.4247581958770752
90,0.7940552234649658,0.5722928643226624,0.001,0.8428874611854553,0.43805888295173645
91,0.8004246354103088,0.5626758933067322,0.001,0.8662420511245728,0.41005733609199524
92,0.8021231293678284,0.5551865100860596,0.001,0.8547770977020264,0.415608286857605
93,0.8004246354103088,0.5731847882270813,0.001,0.8666666746139526,0.406247615814209
94,0.8148620128631592,0.5409432053565979,0.001,0.8696390390396118,0.3939296007156372
95,0.8093418478965759,0.5380151867866516,0.001,0.8615711331367493,0.40543249249458313
96,0.8029723763465881,0.5529739260673523,0.001,0.8658174276351929,0.4008728861808777
97,0.8042463064193726,0.5678842663764954,0.001,0.8709129691123962,0.38469335436820984
98,0.8123142123222351,0.5292748808860779,0.001,0.871762216091156,0.38141825795173645
99,0.8110403418540955,0.5451366305351257,0.001,0.8738853335380554,0.37535595893859863
